0 info it worked if it ends with ok
1 verbose cli [ 'C:\\Program Files (x86)\\nodejs\\\\node.exe',
1 verbose cli   'C:\\Program Files (x86)\\nodejs\\node_modules\\npm\\bin\\npm-cli.js',
1 verbose cli   'install',
1 verbose cli   'git://github.com/RibbitFROG/bitcore-explorers-multi.git' ]
2 info using npm@1.4.28
3 info using node@v0.10.33
4 verbose node symlink C:\Program Files (x86)\nodejs\\node.exe
5 warn package.json RibbitRewards-Vault@2.0.0 No repository field.
6 verbose readDependencies using package.json deps
7 verbose cache add [ 'git://github.com/RibbitFROG/bitcore-explorers-multi.git',
7 verbose cache add   null ]
8 verbose cache add name=undefined spec="git://github.com/RibbitFROG/bitcore-explorers-multi.git" args=["git://github.com/RibbitFROG/bitcore-explorers-multi.git",null]
9 verbose parsed url { protocol: 'git:',
9 verbose parsed url   slashes: true,
9 verbose parsed url   auth: null,
9 verbose parsed url   host: 'github.com',
9 verbose parsed url   port: null,
9 verbose parsed url   hostname: 'github.com',
9 verbose parsed url   hash: null,
9 verbose parsed url   search: null,
9 verbose parsed url   query: null,
9 verbose parsed url   pathname: '/RibbitFROG/bitcore-explorers-multi.git',
9 verbose parsed url   path: '/RibbitFROG/bitcore-explorers-multi.git',
9 verbose parsed url   href: 'git://github.com/RibbitFROG/bitcore-explorers-multi.git' }
10 silly lockFile 38f66753-FROG-bitcore-explorers-multi-git git://github.com/RibbitFROG/bitcore-explorers-multi.git
11 verbose lock git://github.com/RibbitFROG/bitcore-explorers-multi.git C:\Users\shannon\AppData\Roaming\npm-cache\38f66753-FROG-bitcore-explorers-multi-git.lock
12 verbose addRemoteGit [ 'git://github.com/RibbitFROG/bitcore-explorers-multi.git',
12 verbose addRemoteGit   'master' ]
13 warn `git config --get remote.origin.url` returned wrong result (git://github.com/RibbitFROG/bitcore-explorers-multi.git) undefined
13 warn `git config --get remote.origin.url` returned wrong result (git://github.com/RibbitFROG/bitcore-explorers-multi.git) undefined
14 error git clone git://github.com/RibbitFROG/bitcore-explorers-multi.git undefined
14 error git clone git://github.com/RibbitFROG/bitcore-explorers-multi.git undefined
15 silly lockFile 38f66753-FROG-bitcore-explorers-multi-git git://github.com/RibbitFROG/bitcore-explorers-multi.git
16 silly lockFile 38f66753-FROG-bitcore-explorers-multi-git git://github.com/RibbitFROG/bitcore-explorers-multi.git
17 error not found: git
18 error Failed using git.
18 error This is most likely not a problem with npm itself.
18 error Please check if you have git installed and in your PATH.
19 error System Windows_NT 6.2.9200
20 error command "C:\\Program Files (x86)\\nodejs\\\\node.exe" "C:\\Program Files (x86)\\nodejs\\node_modules\\npm\\bin\\npm-cli.js" "install" "git://github.com/RibbitFROG/bitcore-explorers-multi.git"
21 error cwd c:\repo\RibbitVaultAtom\Vault
22 error node -v v0.10.33
23 error npm -v 1.4.28
24 error code ENOGIT
25 verbose exit [ 1, true ]
